==4855== Memcheck, a memory error detector
==4855== Copyright (C) 2002-2015, and GNU GPL'd, by Julian Seward et al.
==4855== Using Valgrind-3.11.0 and LibVEX; rerun with -h for copyright info
==4855== Command: ./main
==4855== 
Start free process
free level [0]
Token obj: [24]
[newgrp]:
	[test] = [Hello World]
[test1] = [["", "", "", "", "", ""], ["", "Test", "", "", "", ""], ["", "", "", "", "", ""], ["", "", "", "", "", ""]]
[test2] = [[["", "", "", "", "", ""], ["", "", "", "", "", ""], ["", "", "", "", "", ""], ["", "", "", "", "", ""]], [["", "", "", "", "", "HEllo World"], ["", "", "", "", "", ""], ["", "", "", "", "", ""], ["", "", "", "", "", ""]], [["", "", "", "", "", ""], ["", "", "", "", "", ""], ["", "", "", "", "", ""], ["", "", "", "", "", "HEllo World111111111"]]]
[test3] = [1]
[test4] = [0, 0, 1, 0, 0]
[testgrp]:
	[test1] = [0, 0, 6, 0, 0]
==4855== 
==4855== HEAP SUMMARY:
==4855==     in use at exit: 0 bytes in 0 blocks
==4855==   total heap usage: 108 allocs, 108 frees, 42,895 bytes allocated
==4855== 
==4855== All heap blocks were freed -- no leaks are possible
==4855== 
==4855== For counts of detected and suppressed errors, rerun with: -v
==4855== ERROR SUMMARY: 0 errors from 0 contexts (suppressed: 0 from 0)
